生成启动时间为 2014/7/28 16:25:40。
     1>项目“C:\Users\Administrator\documents\visual studio 2010\Projects\586ProjectNew\586ProjectNew\586ProjectNew.vcxproj”在节点 2 上(build 个目标)。
     1>InitializeBuildStatus:
         正在创建“Debug\586ProjectNew.unsuccessfulbuild”，因为已指定“AlwaysCreate”。
       ClCompile:
         e:\program files\VC\bin\CL.exe /c /ZI /nologo /W3 /WX- /Od /Oy- /D _MBCS /Gm /EHsc /RTC1 /MDd /GS /fp:precise /Zc:wchar_t /Zc:forScope /Fo"Debug\\" /Fd"Debug\vc100.pdb" /Gd /TP /analyze- /errorReport:prompt driver.cpp
         driver.cpp
       Link:
         e:\program files\VC\bin\link.exe /ERRORREPORT:PROMPT /OUT:"C:\Users\Administrator\documents\visual studio 2010\Projects\586ProjectNew\Debug\586ProjectNew.exe" /NOLOGO kernel32.lib user32.lib gdi32.lib winspool.lib comdlg32.lib advapi32.lib shell32.lib ole32.lib oleaut32.lib uuid.lib odbc32.lib odbccp32.lib /MANIFEST /ManifestFile:"Debug\586ProjectNew.exe.intermediate.manifest" /MANIFESTUAC:"level='asInvoker' uiAccess='false'" /DEBUG /PDB:"C:\Users\Administrator\documents\visual studio 2010\Projects\586ProjectNew\Debug\586ProjectNew.pdb" /TLBID:1 /DYNAMICBASE /NXCOMPAT /IMPLIB:"C:\Users\Administrator\documents\visual studio 2010\Projects\586ProjectNew\Debug\586ProjectNew.lib" /MACHINE:X86 Debug\Abstract_Factory.obj
         Debug\actions.obj
         Debug\ATM.obj
         Debug\DataStructure.obj
         Debug\driver.obj
         Debug\MDA_EFSM.obj
         Debug\op.obj
         Debug\state.obj
         LINK : 没有找到 C:\Users\Administrator\documents\visual studio 2010\Projects\586ProjectNew\Debug\586ProjectNew.exe 或上一个增量链接没有生成它；正在执行完全链接
         586ProjectNew.vcxproj -> C:\Users\Administrator\documents\visual studio 2010\Projects\586ProjectNew\Debug\586ProjectNew.exe
       Manifest:
         C:\Program Files\Microsoft SDKs\Windows\v7.0A\bin\mt.exe /nologo /verbose /outputresource:"C:\Users\Administrator\documents\visual studio 2010\Projects\586ProjectNew\Debug\586ProjectNew.exe;#1" /manifest Debug\586ProjectNew.exe.intermediate.manifest
       FinalizeBuildStatus:
         正在删除文件“Debug\586ProjectNew.unsuccessfulbuild”。
         正在对“Debug\586ProjectNew.lastbuildstate”执行 Touch 任务。
     1>已完成生成项目“C:\Users\Administrator\documents\visual studio 2010\Projects\586ProjectNew\586ProjectNew\586ProjectNew.vcxproj”(build 个目标)的操作。

生成成功。

已用时间 00:00:00.97
